// Validating benchmarks:
// ***** BenchmarkRunner: Start   *****
// ***** Found 8 benchmark(s) in total *****
// ***** Building 1 exe(s) in Parallel: Start   *****
// start dotnet restore  /p:UseSharedCompilation=false /p:BuildInParallel=false /m:1 in e:\src\demeton\Demeton.Tests\bin\Release\netcoreapp2.2\win10-x64\publish\8dd3638d-9820-4916-94ef-9f2bb851a6d4
// command took 0,89s and exited with 1
// ***** Done, took 00:00:01 (1.03 sec)   *****
// Found 8 benchmarks:
//   ArrayAccessComparison.AccessArrayViaIndexer: DefaultJob [ArraySize=100]
//   ArrayAccessComparison.AccessArrayThroughSpan: DefaultJob [ArraySize=100]
//   ArrayAccessComparison.AccessArrayViaIndexer: DefaultJob [ArraySize=1000]
//   ArrayAccessComparison.AccessArrayThroughSpan: DefaultJob [ArraySize=1000]
//   ArrayAccessComparison.AccessArrayViaIndexer: DefaultJob [ArraySize=10000]
//   ArrayAccessComparison.AccessArrayThroughSpan: DefaultJob [ArraySize=10000]
//   ArrayAccessComparison.AccessArrayViaIndexer: DefaultJob [ArraySize=100000]
//   ArrayAccessComparison.AccessArrayThroughSpan: DefaultJob [ArraySize=100000]

Setup power plan (GUID: 8c5e7fda-e8bf-4a96-9a85-a6e23a8c635c FriendlyName: High performance)// Build Error: Standard output: 
  
 Standard error: 
   Restore failed in 146,79 ms for e:\src\demeton\Demeton.Tests\bin\Release\netcoreapp2.2\win10-x64\publish\8dd3638d-9820-4916-94ef-9f2bb851a6d4\BenchmarkDotNet.Autogenerated.csproj.
e:\src\demeton\Demeton.Tests\bin\Release\netcoreapp2.2\win10-x64\publish\8dd3638d-9820-4916-94ef-9f2bb851a6d4\BenchmarkDotNet.Autogenerated.csproj : error NU1201: Project Demeton.Tests is not compatible with netcoreapp2.0 (.NETCoreApp,Version=v2.0). Project Demeton.Tests supports: netcoreapp2.2 (.NETCoreApp,Version=v2.2)
  Restore completed in 19,48 ms for e:\src\demeton\Demeton.Tests\Demeton.Tests.fsproj.
  Restore completed in 16,87 ms for e:\src\demeton\Demeton\Demeton.fsproj.

// Build Error: Standard output: 
  
 Standard error: 
   Restore failed in 146,79 ms for e:\src\demeton\Demeton.Tests\bin\Release\netcoreapp2.2\win10-x64\publish\8dd3638d-9820-4916-94ef-9f2bb851a6d4\BenchmarkDotNet.Autogenerated.csproj.
e:\src\demeton\Demeton.Tests\bin\Release\netcoreapp2.2\win10-x64\publish\8dd3638d-9820-4916-94ef-9f2bb851a6d4\BenchmarkDotNet.Autogenerated.csproj : error NU1201: Project Demeton.Tests is not compatible with netcoreapp2.0 (.NETCoreApp,Version=v2.0). Project Demeton.Tests supports: netcoreapp2.2 (.NETCoreApp,Version=v2.2)
  Restore completed in 19,48 ms for e:\src\demeton\Demeton.Tests\Demeton.Tests.fsproj.
  Restore completed in 16,87 ms for e:\src\demeton\Demeton\Demeton.fsproj.

// Build Error: Standard output: 
  
 Standard error: 
   Restore failed in 146,79 ms for e:\src\demeton\Demeton.Tests\bin\Release\netcoreapp2.2\win10-x64\publish\8dd3638d-9820-4916-94ef-9f2bb851a6d4\BenchmarkDotNet.Autogenerated.csproj.
e:\src\demeton\Demeton.Tests\bin\Release\netcoreapp2.2\win10-x64\publish\8dd3638d-9820-4916-94ef-9f2bb851a6d4\BenchmarkDotNet.Autogenerated.csproj : error NU1201: Project Demeton.Tests is not compatible with netcoreapp2.0 (.NETCoreApp,Version=v2.0). Project Demeton.Tests supports: netcoreapp2.2 (.NETCoreApp,Version=v2.2)
  Restore completed in 19,48 ms for e:\src\demeton\Demeton.Tests\Demeton.Tests.fsproj.
  Restore completed in 16,87 ms for e:\src\demeton\Demeton\Demeton.fsproj.

// Build Error: Standard output: 
  
 Standard error: 
   Restore failed in 146,79 ms for e:\src\demeton\Demeton.Tests\bin\Release\netcoreapp2.2\win10-x64\publish\8dd3638d-9820-4916-94ef-9f2bb851a6d4\BenchmarkDotNet.Autogenerated.csproj.
e:\src\demeton\Demeton.Tests\bin\Release\netcoreapp2.2\win10-x64\publish\8dd3638d-9820-4916-94ef-9f2bb851a6d4\BenchmarkDotNet.Autogenerated.csproj : error NU1201: Project Demeton.Tests is not compatible with netcoreapp2.0 (.NETCoreApp,Version=v2.0). Project Demeton.Tests supports: netcoreapp2.2 (.NETCoreApp,Version=v2.2)
  Restore completed in 19,48 ms for e:\src\demeton\Demeton.Tests\Demeton.Tests.fsproj.
  Restore completed in 16,87 ms for e:\src\demeton\Demeton\Demeton.fsproj.

// Build Error: Standard output: 
  
 Standard error: 
   Restore failed in 146,79 ms for e:\src\demeton\Demeton.Tests\bin\Release\netcoreapp2.2\win10-x64\publish\8dd3638d-9820-4916-94ef-9f2bb851a6d4\BenchmarkDotNet.Autogenerated.csproj.
e:\src\demeton\Demeton.Tests\bin\Release\netcoreapp2.2\win10-x64\publish\8dd3638d-9820-4916-94ef-9f2bb851a6d4\BenchmarkDotNet.Autogenerated.csproj : error NU1201: Project Demeton.Tests is not compatible with netcoreapp2.0 (.NETCoreApp,Version=v2.0). Project Demeton.Tests supports: netcoreapp2.2 (.NETCoreApp,Version=v2.2)
  Restore completed in 19,48 ms for e:\src\demeton\Demeton.Tests\Demeton.Tests.fsproj.
  Restore completed in 16,87 ms for e:\src\demeton\Demeton\Demeton.fsproj.

// Build Error: Standard output: 
  
 Standard error: 
   Restore failed in 146,79 ms for e:\src\demeton\Demeton.Tests\bin\Release\netcoreapp2.2\win10-x64\publish\8dd3638d-9820-4916-94ef-9f2bb851a6d4\BenchmarkDotNet.Autogenerated.csproj.
e:\src\demeton\Demeton.Tests\bin\Release\netcoreapp2.2\win10-x64\publish\8dd3638d-9820-4916-94ef-9f2bb851a6d4\BenchmarkDotNet.Autogenerated.csproj : error NU1201: Project Demeton.Tests is not compatible with netcoreapp2.0 (.NETCoreApp,Version=v2.0). Project Demeton.Tests supports: netcoreapp2.2 (.NETCoreApp,Version=v2.2)
  Restore completed in 19,48 ms for e:\src\demeton\Demeton.Tests\Demeton.Tests.fsproj.
  Restore completed in 16,87 ms for e:\src\demeton\Demeton\Demeton.fsproj.

// Build Error: Standard output: 
  
 Standard error: 
   Restore failed in 146,79 ms for e:\src\demeton\Demeton.Tests\bin\Release\netcoreapp2.2\win10-x64\publish\8dd3638d-9820-4916-94ef-9f2bb851a6d4\BenchmarkDotNet.Autogenerated.csproj.
e:\src\demeton\Demeton.Tests\bin\Release\netcoreapp2.2\win10-x64\publish\8dd3638d-9820-4916-94ef-9f2bb851a6d4\BenchmarkDotNet.Autogenerated.csproj : error NU1201: Project Demeton.Tests is not compatible with netcoreapp2.0 (.NETCoreApp,Version=v2.0). Project Demeton.Tests supports: netcoreapp2.2 (.NETCoreApp,Version=v2.2)
  Restore completed in 19,48 ms for e:\src\demeton\Demeton.Tests\Demeton.Tests.fsproj.
  Restore completed in 16,87 ms for e:\src\demeton\Demeton\Demeton.fsproj.

// Build Error: Standard output: 
  
 Standard error: 
   Restore failed in 146,79 ms for e:\src\demeton\Demeton.Tests\bin\Release\netcoreapp2.2\win10-x64\publish\8dd3638d-9820-4916-94ef-9f2bb851a6d4\BenchmarkDotNet.Autogenerated.csproj.
e:\src\demeton\Demeton.Tests\bin\Release\netcoreapp2.2\win10-x64\publish\8dd3638d-9820-4916-94ef-9f2bb851a6d4\BenchmarkDotNet.Autogenerated.csproj : error NU1201: Project Demeton.Tests is not compatible with netcoreapp2.0 (.NETCoreApp,Version=v2.0). Project Demeton.Tests supports: netcoreapp2.2 (.NETCoreApp,Version=v2.2)
  Restore completed in 19,48 ms for e:\src\demeton\Demeton.Tests\Demeton.Tests.fsproj.
  Restore completed in 16,87 ms for e:\src\demeton\Demeton\Demeton.fsproj.

Successfully reverted power plan (GUID: 381b4222-f694-41f0-9685-ff5bb260df2e FriendlyName: Balanced)
// ***** BenchmarkRunner: Finish  *****

// * Export *
  BenchmarkDotNet.Artifacts\results\Demeton.Benchmarks.ArrayAccess.ArrayAccessComparison-report.csv
  BenchmarkDotNet.Artifacts\results\Demeton.Benchmarks.ArrayAccess.ArrayAccessComparison-report-github.md
  BenchmarkDotNet.Artifacts\results\Demeton.Benchmarks.ArrayAccess.ArrayAccessComparison-report.html

// * Detailed results *
ArrayAccessComparison.AccessArrayViaIndexer: DefaultJob [ArraySize=100]
Runtime = ; GC = 
There are not any results runs

ArrayAccessComparison.AccessArrayThroughSpan: DefaultJob [ArraySize=100]
Runtime = ; GC = 
There are not any results runs

ArrayAccessComparison.AccessArrayViaIndexer: DefaultJob [ArraySize=1000]
Runtime = ; GC = 
There are not any results runs

ArrayAccessComparison.AccessArrayThroughSpan: DefaultJob [ArraySize=1000]
Runtime = ; GC = 
There are not any results runs

ArrayAccessComparison.AccessArrayViaIndexer: DefaultJob [ArraySize=10000]
Runtime = ; GC = 
There are not any results runs

ArrayAccessComparison.AccessArrayThroughSpan: DefaultJob [ArraySize=10000]
Runtime = ; GC = 
There are not any results runs

ArrayAccessComparison.AccessArrayViaIndexer: DefaultJob [ArraySize=100000]
Runtime = ; GC = 
There are not any results runs

ArrayAccessComparison.AccessArrayThroughSpan: DefaultJob [ArraySize=100000]
Runtime = ; GC = 
There are not any results runs

// * Summary *

BenchmarkDotNet=v0.11.5, OS=Windows 10.0.18362
Intel Core i7-7700 CPU 3.60GHz (Kaby Lake), 1 CPU, 8 logical and 4 physical cores
.NET Core SDK=2.2.401
  [Host] : .NET Core ? (CoreCLR 4.6.27817.03, CoreFX 4.6.27818.02), 64bit RyuJIT DEBUG


|                 Method | ArraySize | Mean | Error |
|----------------------- |---------- |-----:|------:|
|  AccessArrayViaIndexer |       100 |   NA |    NA |
| AccessArrayThroughSpan |       100 |   NA |    NA |
|  AccessArrayViaIndexer |      1000 |   NA |    NA |
| AccessArrayThroughSpan |      1000 |   NA |    NA |
|  AccessArrayViaIndexer |     10000 |   NA |    NA |
| AccessArrayThroughSpan |     10000 |   NA |    NA |
|  AccessArrayViaIndexer |    100000 |   NA |    NA |
| AccessArrayThroughSpan |    100000 |   NA |    NA |

Benchmarks with issues:
  ArrayAccessComparison.AccessArrayViaIndexer: DefaultJob [ArraySize=100]
  ArrayAccessComparison.AccessArrayThroughSpan: DefaultJob [ArraySize=100]
  ArrayAccessComparison.AccessArrayViaIndexer: DefaultJob [ArraySize=1000]
  ArrayAccessComparison.AccessArrayThroughSpan: DefaultJob [ArraySize=1000]
  ArrayAccessComparison.AccessArrayViaIndexer: DefaultJob [ArraySize=10000]
  ArrayAccessComparison.AccessArrayThroughSpan: DefaultJob [ArraySize=10000]
  ArrayAccessComparison.AccessArrayViaIndexer: DefaultJob [ArraySize=100000]
  ArrayAccessComparison.AccessArrayThroughSpan: DefaultJob [ArraySize=100000]

// * Legends *
  ArraySize : Value of the 'ArraySize' parameter
  Mean      : Arithmetic mean of all measurements
  Error     : Half of 99.9% confidence interval
  1 ns      : 1 Nanosecond (0.000000001 sec)

// ***** BenchmarkRunner: End *****
// ** Remained 0 benchmark(s) to run **
Run time: 00:00:00 (0.37 sec), executed benchmarks: 0

Global total time: 00:00:01 (1.41 sec), executed benchmarks: 0
// * Artifacts cleanup *
